  stdafx.cpp
  CallProfiler.cpp
c:\program files (x86)\windows kits\netfxsdk\4.7.1\include\um\corprof.h(302): error C3646: 'ridOfField': unknown override specifier
c:\program files (x86)\windows kits\netfxsdk\4.7.1\include\um\corprof.h(302): error C4430: missing type specifier - int assumed. Note: C++ does not support default-int
c:\program files (x86)\windows kits\netfxsdk\4.7.1\include\um\corprof.h(396): error C2143: syntax error: missing ';' before '*'
c:\program files (x86)\windows kits\netfxsdk\4.7.1\include\um\corprof.h(396): error C4430: missing type specifier - int assumed. Note: C++ does not support default-int
c:\program files (x86)\windows kits\netfxsdk\4.7.1\include\um\corprof.h(396): error C2238: unexpected token(s) preceding ';'
c:\program files (x86)\windows kits\netfxsdk\4.7.1\include\um\corprof.h(405): error C3646: 'methodId': unknown override specifier
c:\program files (x86)\windows kits\netfxsdk\4.7.1\include\um\corprof.h(405): error C4430: missing type specifier - int assumed. Note: C++ does not support default-int
c:\program files (x86)\windows kits\netfxsdk\4.7.1\include\um\corprof.h(2850): error C2061: syntax error: identifier 'mdMethodDef'
c:\program files (x86)\windows kits\netfxsdk\4.7.1\include\um\corprof.h(2861): error C2061: syntax error: identifier 'mdMethodDef'
c:\program files (x86)\windows kits\netfxsdk\4.7.1\include\um\corprof.h(6653): error C2061: syntax error: identifier 'mdTypeDef'
c:\program files (x86)\windows kits\netfxsdk\4.7.1\include\um\corprof.h(6670): error C2061: syntax error: identifier 'mdToken'
c:\program files (x86)\windows kits\netfxsdk\4.7.1\include\um\corprof.h(6683): error C2061: syntax error: identifier 'CorElementType'
c:\program files (x86)\windows kits\netfxsdk\4.7.1\include\um\corprof.h(6697): error C2061: syntax error: identifier 'mdTypeDef'
c:\program files (x86)\windows kits\netfxsdk\4.7.1\include\um\corprof.h(6703): error C2061: syntax error: identifier 'mdToken'
c:\program files (x86)\windows kits\netfxsdk\4.7.1\include\um\corprof.h(6720): error C2061: syntax error: identifier 'mdToken'
c:\program files (x86)\windows kits\netfxsdk\4.7.1\include\um\corprof.h(6739): error C2061: syntax error: identifier 'mdMethodDef'
c:\program files (x86)\windows kits\netfxsdk\4.7.1\include\um\corprof.h(6749): error C2061: syntax error: identifier 'mdMethodDef'
c:\program files (x86)\windows kits\netfxsdk\4.7.1\include\um\corprof.h(7179): error C2061: syntax error: identifier 'mdToken'
c:\program files (x86)\windows kits\netfxsdk\4.7.1\include\um\corprof.h(7199): error C2061: syntax error: identifier 'mdTypeDef'
c:\program files (x86)\windows kits\netfxsdk\4.7.1\include\um\corprof.h(7213): error C2061: syntax error: identifier 'mdTypeDef'
c:\program files (x86)\windows kits\netfxsdk\4.7.1\include\um\corprof.h(7220): error C2061: syntax error: identifier 'mdMethodDef'
c:\program files (x86)\windows kits\netfxsdk\4.7.1\include\um\corprof.h(7247): error C2061: syntax error: identifier 'mdFieldDef'
c:\program files (x86)\windows kits\netfxsdk\4.7.1\include\um\corprof.h(7252): error C2061: syntax error: identifier 'mdFieldDef'
c:\program files (x86)\windows kits\netfxsdk\4.7.1\include\um\corprof.h(7258): error C2061: syntax error: identifier 'mdFieldDef'
c:\program files (x86)\windows kits\netfxsdk\4.7.1\include\um\corprof.h(7264): error C2061: syntax error: identifier 'mdFieldDef'
c:\program files (x86)\windows kits\netfxsdk\4.7.1\include\um\corprof.h(7270): error C2061: syntax error: identifier 'mdFieldDef'
c:\program files (x86)\windows kits\netfxsdk\4.7.1\include\um\corprof.h(7911): error C2061: syntax error: identifier 'mdFieldDef'
c:\program files (x86)\windows kits\netfxsdk\4.7.1\include\um\corprof.h(9194): error C2061: syntax error: identifier 'mdMethodDef'
c:\program files (x86)\windows kits\netfxsdk\4.7.1\include\um\corprof.h(9199): error C2061: syntax error: identifier 'mdMethodDef'
c:\program files (x86)\windows kits\netfxsdk\4.7.1\include\um\corprof.h(10848): error C2061: syntax error: identifier 'mdMethodDef'
